{
  "stats": {
    "suites": 5,
    "tests": 5,
    "passes": 5,
    "pending": 0,
    "failures": 0,
    "start": "2017-04-01T09:51:55.862Z",
    "end": "2017-04-01T09:51:55.872Z",
    "duration": 10,
    "testsRegistered": 5,
    "passPercent": 100,
    "pendingPercent": 0,
    "other": 0,
    "hasOther": false,
    "skipped": 0,
    "hasSkipped": false,
    "passPercentClass": "success",
    "pendingPercentClass": "danger"
  },
  "suites": {
    "title": "",
    "suites": [
      {
        "title": "first test",
        "suites": [],
        "tests": [
          {
            "title": "test",
            "fullTitle": "first test test",
            "timedOut": false,
            "duration": 1,
            "state": "passed",
            "speed": "fast",
            "pass": true,
            "fail": false,
            "pending": false,
            "code": "let a = 1;\nexpect(a).to.be.equal(1);",
            "err": {},
            "isRoot": false,
            "uuid": "1adf8f6e-8a92-47a0-82e8-d6fe7a1c276a",
            "parentUUID": "bc587d81-91ee-4458-90e4-5ea6b1894f5a",
            "skipped": false
          }
        ],
        "pending": [],
        "root": false,
        "_timeout": 2000,
        "file": "\\test\\firsttest.js",
        "uuid": "bc587d81-91ee-4458-90e4-5ea6b1894f5a",
        "fullFile": "D:\\es6learning\\test\\firsttest.js",
        "passes": [
          {
            "title": "test",
            "fullTitle": "first test test",
            "timedOut": false,
            "duration": 1,
            "state": "passed",
            "speed": "fast",
            "pass": true,
            "fail": false,
            "pending": false,
            "code": "let a = 1;\nexpect(a).to.be.equal(1);",
            "err": {},
            "isRoot": false,
            "uuid": "1adf8f6e-8a92-47a0-82e8-d6fe7a1c276a",
            "parentUUID": "bc587d81-91ee-4458-90e4-5ea6b1894f5a",
            "skipped": false
          }
        ],
        "failures": [],
        "skipped": [],
        "hasTests": true,
        "hasSuites": false,
        "totalTests": 1,
        "totalPasses": 1,
        "totalFailures": 0,
        "totalPending": 0,
        "totalSkipped": 0,
        "hasPasses": true,
        "hasFailures": false,
        "hasPending": false,
        "hasSkipped": false,
        "duration": 1,
        "rootEmpty": false
      },
      {
        "title": "test clousure",
        "suites": [],
        "tests": [
          {
            "title": "clousre",
            "fullTitle": "test clousure clousre",
            "timedOut": false,
            "duration": 1,
            "state": "passed",
            "speed": "fast",
            "pass": true,
            "fail": false,
            "pending": false,
            "code": "var testValue = (function(){\n\tvar number = 1;\n\treturn {\n\t\tget:function(){\n\t\t\treturn number;\n\t\t},\n\t\tset:function(value){\n\t\t\treturn number = value;\n\t\t}\n\t};\n})();\ntestValue.set(10);\nexpect(testValue.get()).to.be.equal(10);",
            "err": {},
            "isRoot": false,
            "uuid": "1b555546-47de-48b7-bbb5-fd406446cf60",
            "parentUUID": "909b3ed8-a184-477e-a095-a4d08e78695f",
            "skipped": false
          }
        ],
        "pending": [],
        "root": false,
        "_timeout": 2000,
        "file": "\\test\\firsttest.js",
        "uuid": "909b3ed8-a184-477e-a095-a4d08e78695f",
        "fullFile": "D:\\es6learning\\test\\firsttest.js",
        "passes": [
          {
            "title": "clousre",
            "fullTitle": "test clousure clousre",
            "timedOut": false,
            "duration": 1,
            "state": "passed",
            "speed": "fast",
            "pass": true,
            "fail": false,
            "pending": false,
            "code": "var testValue = (function(){\n\tvar number = 1;\n\treturn {\n\t\tget:function(){\n\t\t\treturn number;\n\t\t},\n\t\tset:function(value){\n\t\t\treturn number = value;\n\t\t}\n\t};\n})();\ntestValue.set(10);\nexpect(testValue.get()).to.be.equal(10);",
            "err": {},
            "isRoot": false,
            "uuid": "1b555546-47de-48b7-bbb5-fd406446cf60",
            "parentUUID": "909b3ed8-a184-477e-a095-a4d08e78695f",
            "skipped": false
          }
        ],
        "failures": [],
        "skipped": [],
        "hasTests": true,
        "hasSuites": false,
        "totalTests": 1,
        "totalPasses": 1,
        "totalFailures": 0,
        "totalPending": 0,
        "totalSkipped": 0,
        "hasPasses": true,
        "hasFailures": false,
        "hasPending": false,
        "hasSkipped": false,
        "duration": 1,
        "rootEmpty": false
      },
      {
        "title": "i am in second Layer",
        "suites": [],
        "tests": [
          {
            "title": "test second layer",
            "fullTitle": "i am in second Layer test second layer",
            "timedOut": false,
            "duration": 0,
            "state": "passed",
            "speed": "fast",
            "pass": true,
            "fail": false,
            "pending": false,
            "code": "expect(1).to.be.equal(1);",
            "err": {},
            "isRoot": false,
            "uuid": "7d54b195-8fc8-4251-8720-2d7da1f1d21d",
            "parentUUID": "1c9bd7d4-b21f-4b35-b27f-62893cac843d",
            "skipped": false
          }
        ],
        "pending": [],
        "root": false,
        "_timeout": 2000,
        "file": "\\test\\secondLayer\\secondLayer.js",
        "uuid": "1c9bd7d4-b21f-4b35-b27f-62893cac843d",
        "fullFile": "D:\\es6learning\\test\\secondLayer\\secondLayer.js",
        "passes": [
          {
            "title": "test second layer",
            "fullTitle": "i am in second Layer test second layer",
            "timedOut": false,
            "duration": 0,
            "state": "passed",
            "speed": "fast",
            "pass": true,
            "fail": false,
            "pending": false,
            "code": "expect(1).to.be.equal(1);",
            "err": {},
            "isRoot": false,
            "uuid": "7d54b195-8fc8-4251-8720-2d7da1f1d21d",
            "parentUUID": "1c9bd7d4-b21f-4b35-b27f-62893cac843d",
            "skipped": false
          }
        ],
        "failures": [],
        "skipped": [],
        "hasTests": true,
        "hasSuites": false,
        "totalTests": 1,
        "totalPasses": 1,
        "totalFailures": 0,
        "totalPending": 0,
        "totalSkipped": 0,
        "hasPasses": true,
        "hasFailures": false,
        "hasPending": false,
        "hasSkipped": false,
        "duration": 0,
        "rootEmpty": false
      },
      {
        "title": "test watch",
        "suites": [],
        "tests": [
          {
            "title": "can you watch files",
            "fullTitle": "test watch can you watch files",
            "timedOut": false,
            "duration": 0,
            "state": "passed",
            "speed": "fast",
            "pass": true,
            "fail": false,
            "pending": false,
            "code": "let value = 1;\nexpect(value).to.be.equal(1);",
            "err": {},
            "isRoot": false,
            "uuid": "a9cdc999-821d-4619-a605-970eda5e7ece",
            "parentUUID": "1761e4d1-0f11-4bb7-b941-1120c5c38e09",
            "skipped": false
          }
        ],
        "pending": [],
        "root": false,
        "_timeout": 2000,
        "file": "\\test\\secondLayer\\secondLayer.js",
        "uuid": "1761e4d1-0f11-4bb7-b941-1120c5c38e09",
        "fullFile": "D:\\es6learning\\test\\secondLayer\\secondLayer.js",
        "passes": [
          {
            "title": "can you watch files",
            "fullTitle": "test watch can you watch files",
            "timedOut": false,
            "duration": 0,
            "state": "passed",
            "speed": "fast",
            "pass": true,
            "fail": false,
            "pending": false,
            "code": "let value = 1;\nexpect(value).to.be.equal(1);",
            "err": {},
            "isRoot": false,
            "uuid": "a9cdc999-821d-4619-a605-970eda5e7ece",
            "parentUUID": "1761e4d1-0f11-4bb7-b941-1120c5c38e09",
            "skipped": false
          }
        ],
        "failures": [],
        "skipped": [],
        "hasTests": true,
        "hasSuites": false,
        "totalTests": 1,
        "totalPasses": 1,
        "totalFailures": 0,
        "totalPending": 0,
        "totalSkipped": 0,
        "hasPasses": true,
        "hasFailures": false,
        "hasPending": false,
        "hasSkipped": false,
        "duration": 0,
        "rootEmpty": false
      },
      {
        "title": "test let",
        "suites": [],
        "tests": [
          {
            "title": "let",
            "fullTitle": "test let let",
            "timedOut": false,
            "duration": 0,
            "state": "passed",
            "speed": "fast",
            "pass": true,
            "fail": false,
            "pending": false,
            "code": "let value = 1;\nexpect(value).to.be.equal(1);",
            "err": {},
            "isRoot": false,
            "uuid": "c40dc9f8-3919-432e-bf73-2742f8e8854f",
            "parentUUID": "104f0f25-9778-4de1-9d35-c95ced0c6ef7",
            "skipped": false
          }
        ],
        "pending": [],
        "root": false,
        "_timeout": 2000,
        "file": "\\test\\secondLayer\\secondLayer.js",
        "uuid": "104f0f25-9778-4de1-9d35-c95ced0c6ef7",
        "fullFile": "D:\\es6learning\\test\\secondLayer\\secondLayer.js",
        "passes": [
          {
            "title": "let",
            "fullTitle": "test let let",
            "timedOut": false,
            "duration": 0,
            "state": "passed",
            "speed": "fast",
            "pass": true,
            "fail": false,
            "pending": false,
            "code": "let value = 1;\nexpect(value).to.be.equal(1);",
            "err": {},
            "isRoot": false,
            "uuid": "c40dc9f8-3919-432e-bf73-2742f8e8854f",
            "parentUUID": "104f0f25-9778-4de1-9d35-c95ced0c6ef7",
            "skipped": false
          }
        ],
        "failures": [],
        "skipped": [],
        "hasTests": true,
        "hasSuites": false,
        "totalTests": 1,
        "totalPasses": 1,
        "totalFailures": 0,
        "totalPending": 0,
        "totalSkipped": 0,
        "hasPasses": true,
        "hasFailures": false,
        "hasPending": false,
        "hasSkipped": false,
        "duration": 0,
        "rootEmpty": false
      }
    ],
    "tests": [],
    "pending": [],
    "root": true,
    "_timeout": 2000,
    "uuid": "1be78409-9664-4fd2-a5e5-d0b328997416",
    "fullFile": "",
    "file": "",
    "passes": [],
    "failures": [],
    "skipped": [],
    "hasTests": false,
    "hasSuites": true,
    "totalTests": 0,
    "totalPasses": 0,
    "totalFailures": 0,
    "totalPending": 0,
    "totalSkipped": 0,
    "hasPasses": false,
    "hasFailures": false,
    "hasPending": false,
    "hasSkipped": false,
    "duration": 0,
    "rootEmpty": true
  },
  "allTests": [
    {
      "title": "test",
      "fullTitle": "first test test",
      "timedOut": false,
      "duration": 1,
      "state": "passed",
      "speed": "fast",
      "pass": true,
      "fail": false,
      "pending": false,
      "code": "let a = 1;\nexpect(a).to.be.equal(1);",
      "err": {},
      "isRoot": false,
      "uuid": "1adf8f6e-8a92-47a0-82e8-d6fe7a1c276a",
      "parentUUID": "bc587d81-91ee-4458-90e4-5ea6b1894f5a",
      "skipped": false
    },
    {
      "title": "clousre",
      "fullTitle": "test clousure clousre",
      "timedOut": false,
      "duration": 1,
      "state": "passed",
      "speed": "fast",
      "pass": true,
      "fail": false,
      "pending": false,
      "code": "var testValue = (function(){\n\tvar number = 1;\n\treturn {\n\t\tget:function(){\n\t\t\treturn number;\n\t\t},\n\t\tset:function(value){\n\t\t\treturn number = value;\n\t\t}\n\t};\n})();\ntestValue.set(10);\nexpect(testValue.get()).to.be.equal(10);",
      "err": {},
      "isRoot": false,
      "uuid": "1b555546-47de-48b7-bbb5-fd406446cf60",
      "parentUUID": "909b3ed8-a184-477e-a095-a4d08e78695f",
      "skipped": false
    },
    {
      "title": "test second layer",
      "fullTitle": "i am in second Layer test second layer",
      "timedOut": false,
      "duration": 0,
      "state": "passed",
      "speed": "fast",
      "pass": true,
      "fail": false,
      "pending": false,
      "code": "expect(1).to.be.equal(1);",
      "err": {},
      "isRoot": false,
      "uuid": "7d54b195-8fc8-4251-8720-2d7da1f1d21d",
      "parentUUID": "1c9bd7d4-b21f-4b35-b27f-62893cac843d",
      "skipped": false
    },
    {
      "title": "can you watch files",
      "fullTitle": "test watch can you watch files",
      "timedOut": false,
      "duration": 0,
      "state": "passed",
      "speed": "fast",
      "pass": true,
      "fail": false,
      "pending": false,
      "code": "let value = 1;\nexpect(value).to.be.equal(1);",
      "err": {},
      "isRoot": false,
      "uuid": "a9cdc999-821d-4619-a605-970eda5e7ece",
      "parentUUID": "1761e4d1-0f11-4bb7-b941-1120c5c38e09",
      "skipped": false
    },
    {
      "title": "let",
      "fullTitle": "test let let",
      "timedOut": false,
      "duration": 0,
      "state": "passed",
      "speed": "fast",
      "pass": true,
      "fail": false,
      "pending": false,
      "code": "let value = 1;\nexpect(value).to.be.equal(1);",
      "err": {},
      "isRoot": false,
      "uuid": "c40dc9f8-3919-432e-bf73-2742f8e8854f",
      "parentUUID": "104f0f25-9778-4de1-9d35-c95ced0c6ef7",
      "skipped": false
    }
  ],
  "allPending": [],
  "allPasses": [
    {
      "title": "test",
      "fullTitle": "first test test",
      "timedOut": false,
      "duration": 1,
      "state": "passed",
      "speed": "fast",
      "pass": true,
      "fail": false,
      "pending": false,
      "code": "let a = 1;\nexpect(a).to.be.equal(1);",
      "err": {},
      "isRoot": false,
      "uuid": "1adf8f6e-8a92-47a0-82e8-d6fe7a1c276a",
      "parentUUID": "bc587d81-91ee-4458-90e4-5ea6b1894f5a",
      "skipped": false
    },
    {
      "title": "clousre",
      "fullTitle": "test clousure clousre",
      "timedOut": false,
      "duration": 1,
      "state": "passed",
      "speed": "fast",
      "pass": true,
      "fail": false,
      "pending": false,
      "code": "var testValue = (function(){\n\tvar number = 1;\n\treturn {\n\t\tget:function(){\n\t\t\treturn number;\n\t\t},\n\t\tset:function(value){\n\t\t\treturn number = value;\n\t\t}\n\t};\n})();\ntestValue.set(10);\nexpect(testValue.get()).to.be.equal(10);",
      "err": {},
      "isRoot": false,
      "uuid": "1b555546-47de-48b7-bbb5-fd406446cf60",
      "parentUUID": "909b3ed8-a184-477e-a095-a4d08e78695f",
      "skipped": false
    },
    {
      "title": "test second layer",
      "fullTitle": "i am in second Layer test second layer",
      "timedOut": false,
      "duration": 0,
      "state": "passed",
      "speed": "fast",
      "pass": true,
      "fail": false,
      "pending": false,
      "code": "expect(1).to.be.equal(1);",
      "err": {},
      "isRoot": false,
      "uuid": "7d54b195-8fc8-4251-8720-2d7da1f1d21d",
      "parentUUID": "1c9bd7d4-b21f-4b35-b27f-62893cac843d",
      "skipped": false
    },
    {
      "title": "can you watch files",
      "fullTitle": "test watch can you watch files",
      "timedOut": false,
      "duration": 0,
      "state": "passed",
      "speed": "fast",
      "pass": true,
      "fail": false,
      "pending": false,
      "code": "let value = 1;\nexpect(value).to.be.equal(1);",
      "err": {},
      "isRoot": false,
      "uuid": "a9cdc999-821d-4619-a605-970eda5e7ece",
      "parentUUID": "1761e4d1-0f11-4bb7-b941-1120c5c38e09",
      "skipped": false
    },
    {
      "title": "let",
      "fullTitle": "test let let",
      "timedOut": false,
      "duration": 0,
      "state": "passed",
      "speed": "fast",
      "pass": true,
      "fail": false,
      "pending": false,
      "code": "let value = 1;\nexpect(value).to.be.equal(1);",
      "err": {},
      "isRoot": false,
      "uuid": "c40dc9f8-3919-432e-bf73-2742f8e8854f",
      "parentUUID": "104f0f25-9778-4de1-9d35-c95ced0c6ef7",
      "skipped": false
    }
  ],
  "allFailures": [],
  "copyrightYear": 2017
}